<!DOCTYPE html>

<html>
<head>
    <meta charset='utf-8'>
    <title>TestNG reports</title>

    <link type="text/css" href="testng-reports.css" rel="stylesheet" />
    <script type="text/javascript" src="jquery-1.7.1.min.js"></script>
    <script type="text/javascript" src="testng-reports.js"></script>
    <script type="text/javascript" src="https://www.google.com/jsapi"></script>
    <script type='text/javascript'>
      google.load('visualization', '1', {packages:['table']});
      google.setOnLoadCallback(drawTable);
      var suiteTableInitFunctions = new Array();
      var suiteTableData = new Array();
    </script>
    <!--
      <script type="text/javascript" src="jquery-ui/js/jquery-ui-1.8.16.custom.min.js"></script>
     -->
</head>

<body>
<div class="top-banner-root">
    <span class="top-banner-title-font">Test results</span>
    <br/>
    <span class="top-banner-font-1">1 suite, 2 failed tests</span>
</div> <!-- top-banner-root -->
<div class="navigator-root">
    <div class="navigator-suite-header">
        <span>All suites</span>
        <a href="#" class="collapse-all-link" title="Collapse/expand all the suites">
            <img class="collapse-all-icon" src="collapseall.gif">
            </img> <!-- collapse-all-icon -->
        </a> <!-- collapse-all-link -->
    </div> <!-- navigator-suite-header -->
    <div class="suite">
        <div class="rounded-window">
            <div class="suite-header light-rounded-window-top">
                <a href="#" class="navigator-link" panel-name="suite-Default_suite">
                    <span class="suite-name border-failed">Default suite</span>
                </a> <!-- navigator-link -->
            </div> <!-- suite-header light-rounded-window-top -->
            <div class="navigator-suite-content">
                <div class="suite-section-title">
                    <span>Info</span>
                </div> <!-- suite-section-title -->
                <div class="suite-section-content">
                    <ul>
                        <li>
                            <a href="#" class="navigator-link " panel-name="test-xml-Default_suite">
                                <span>C:\Users\chamarthi.anusha\AppData\Local\Temp\testng-eclipse-320793632\testng-customsuite.xml</span>
                            </a> <!-- navigator-link  -->
                        </li>
                        <li>
                            <a href="#" class="navigator-link " panel-name="testlist-Default_suite">
                                <span class="test-stats">1 test</span>
                            </a> <!-- navigator-link  -->
                        </li>
                        <li>
                            <a href="#" class="navigator-link " panel-name="group-Default_suite">
                                <span>0 groups</span>
                            </a> <!-- navigator-link  -->
                        </li>
                        <li>
                            <a href="#" class="navigator-link " panel-name="times-Default_suite">
                                <span>Times</span>
                            </a> <!-- navigator-link  -->
                        </li>
                        <li>
                            <a href="#" class="navigator-link " panel-name="reporter-Default_suite">
                                <span>Reporter output</span>
                            </a> <!-- navigator-link  -->
                        </li>
                        <li>
                            <a href="#" class="navigator-link " panel-name="ignored-methods-Default_suite">
                                <span>Ignored methods</span>
                            </a> <!-- navigator-link  -->
                        </li>
                        <li>
                            <a href="#" class="navigator-link " panel-name="chronological-Default_suite">
                                <span>Chronological view</span>
                            </a> <!-- navigator-link  -->
                        </li>
                    </ul>
                </div> <!-- suite-section-content -->
                <div class="result-section">
                    <div class="suite-section-title">
                        <span>Results</span>
                    </div> <!-- suite-section-title -->
                    <div class="suite-section-content">
                        <ul>
                            <li>
                                <span class="method-stats">3 methods, 2 failed,   1 passed</span>
                            </li>
                            <li>
                                <span class="method-list-title failed">Failed methods</span>
                                <span class="show-or-hide-methods failed">
                      <a href="#" panel-name="suite-Default_suite" class="hide-methods failed suite-Default_suite"> (hide)</a> <!-- hide-methods failed suite-Default_suite -->
                      <a href="#" panel-name="suite-Default_suite" class="show-methods failed suite-Default_suite"> (show)</a> <!-- show-methods failed suite-Default_suite -->
                    </span>
                                <div class="method-list-content failed suite-Default_suite">
                      <span>
                        <img width="3%" src="failed.png"/>
                        <a href="#" class="method navigator-link" panel-name="suite-Default_suite" title="com.CA.testcases.LoginCRMTest" hash-for-method="verifyNewAppointment">verifyNewAppointment</a> <!-- method navigator-link -->
                      </span>
                                    <br/>
                                    <span>
                        <img width="3%" src="failed.png"/>
                        <a href="#" class="method navigator-link" panel-name="suite-Default_suite" title="com.CA.testcases.LoginCRMTest" hash-for-method="verifyOpenAppointment_Participation">verifyOpenAppointment_Participation</a> <!-- method navigator-link -->
                      </span>
                                    <br/>
                                </div> <!-- method-list-content failed suite-Default_suite -->
                            </li>
                            <li>
                                <span class="method-list-title passed">Passed methods</span>
                                <span class="show-or-hide-methods passed">
                      <a href="#" panel-name="suite-Default_suite" class="hide-methods passed suite-Default_suite"> (hide)</a> <!-- hide-methods passed suite-Default_suite -->
                      <a href="#" panel-name="suite-Default_suite" class="show-methods passed suite-Default_suite"> (show)</a> <!-- show-methods passed suite-Default_suite -->
                    </span>
                                <div class="method-list-content passed suite-Default_suite">
                      <span>
                        <img width="3%" src="passed.png"/>
                        <a href="#" class="method navigator-link" panel-name="suite-Default_suite" title="com.CA.testcases.LoginCRMTest" hash-for-method="verifyLoginCRMTest">verifyLoginCRMTest</a> <!-- method navigator-link -->
                      </span>
                                    <br/>
                                </div> <!-- method-list-content passed suite-Default_suite -->
                            </li>
                        </ul>
                    </div> <!-- suite-section-content -->
                </div> <!-- result-section -->
            </div> <!-- navigator-suite-content -->
        </div> <!-- rounded-window -->
    </div> <!-- suite -->
</div> <!-- navigator-root -->
<div class="wrapper">
    <div class="main-panel-root">
        <div panel-name="suite-Default_suite" class="panel Default_suite">
            <div class="suite-Default_suite-class-failed">
                <div class="main-panel-header rounded-window-top">
                    <img src="failed.png"/>
                    <span class="class-name">com.CA.testcases.LoginCRMTest</span>
                </div> <!-- main-panel-header rounded-window-top -->
                <div class="main-panel-content rounded-window-bottom">
                    <div class="method">
                        <div class="method-content">
                            <a name="verifyNewAppointment">
                            </a> <!-- verifyNewAppointment -->
                            <span class="method-name">verifyNewAppointment</span>
                            <div class="stack-trace">org.openqa.selenium.NoSuchElementException: no such element: Unable to locate element: {&quot;method&quot;:&quot;xpath&quot;,&quot;selector&quot;:&quot;//button[@data-id=&apos;activitypointer|NoRelationship|HomePageGrid|Mscrm.HomepageGrid.activitypointer.NewAppointment.modern.Appointment&apos;]&quot;}
                                (Session info: chrome=97.0.4692.71)
                                For documentation on this error, please visit: http://seleniumhq.org/exceptions/no_such_element.html
                                Build info: version: &apos;3.14.0&apos;, revision: &apos;aacccce0&apos;, time: &apos;2018-08-02T20:19:58.91Z&apos;
                                System info: host: &apos;LP-5CD8120X1W&apos;, ip: &apos;192.168.1.2&apos;, os.name: &apos;Windows 10&apos;, os.arch: &apos;amd64&apos;, os.version: &apos;10.0&apos;, java.version: &apos;1.8.0_311&apos;
                                Driver info: org.openqa.selenium.chrome.ChromeDriver
                                Capabilities {acceptInsecureCerts: false, browserName: chrome, browserVersion: 97.0.4692.71, chrome: {chromedriverVersion: 97.0.4692.71 (adefa7837d02a..., userDataDir: C:\Users\CHAMAR~1.ANU\AppDa...}, goog:chromeOptions: {debuggerAddress: localhost:59862}, javascriptEnabled: true, networkConnectionEnabled: false, pageLoadStrategy: normal, platform: WINDOWS, platformName: WINDOWS, proxy: Proxy(), setWindowRect: true, strictFileInteractability: false, timeouts: {implicit: 0, pageLoad: 300000, script: 30000}, unhandledPromptBehavior: dismiss and notify, webauthn:extension:credBlob: true, webauthn:extension:largeBlob: true, webauthn:virtualAuthenticators: true}
                                Session ID: 23564de898d55a93234bd3daaf301fa7
                                *** Element info: {Using=xpath, value=//button[@data-id=&apos;activitypointer|NoRelationship|HomePageGrid|Mscrm.HomepageGrid.activitypointer.NewAppointment.modern.Appointment&apos;]}
                                at sun.reflect.NativeConstructorAccessorImpl.newInstance0(Native Method)
                                at sun.reflect.NativeConstructorAccessorImpl.newInstance(Unknown Source)
                                at sun.reflect.DelegatingConstructorAccessorImpl.newInstance(Unknown Source)
                                at java.lang.reflect.Constructor.newInstance(Unknown Source)
                                at org.openqa.selenium.remote.http.W3CHttpResponseCodec.createException(W3CHttpResponseCodec.java:187)
                                at org.openqa.selenium.remote.http.W3CHttpResponseCodec.decode(W3CHttpResponseCodec.java:122)
                                at org.openqa.selenium.remote.http.W3CHttpResponseCodec.decode(W3CHttpResponseCodec.java:49)
                                at org.openqa.selenium.remote.HttpCommandExecutor.execute(HttpCommandExecutor.java:158)
                                at org.openqa.selenium.remote.service.DriverCommandExecutor.execute(DriverCommandExecutor.java:83)
                                at org.openqa.selenium.remote.RemoteWebDriver.execute(RemoteWebDriver.java:548)
                                at org.openqa.selenium.remote.RemoteWebDriver.findElement(RemoteWebDriver.java:322)
                                at org.openqa.selenium.remote.RemoteWebDriver.findElementByXPath(RemoteWebDriver.java:424)
                                at org.openqa.selenium.By$ByXPath.findElement(By.java:353)
                                at org.openqa.selenium.remote.RemoteWebDriver.findElement(RemoteWebDriver.java:314)
                                at org.openqa.selenium.support.pagefactory.DefaultElementLocator.findElement(DefaultElementLocator.java:69)
                                at org.openqa.selenium.support.pagefactory.internal.LocatingElementHandler.invoke(LocatingElementHandler.java:38)
                                at com.sun.proxy.$Proxy7.click(Unknown Source)
                                at com.CA.pages.LoginCRM.NewAppointment(LoginCRM.java:117)
                                at com.CA.testcases.LoginCRMTest.verifyNewAppointment(LoginCRMTest.java:43)
                                at sun.reflect.NativeMethodAccessorImpl.invoke0(Native Method)
                                at sun.reflect.NativeMethodAccessorImpl.invoke(Unknown Source)
                                at sun.reflect.DelegatingMethodAccessorImpl.invoke(Unknown Source)
                                at java.lang.reflect.Method.invoke(Unknown Source)
                                at org.testng.internal.MethodInvocationHelper.invokeMethod(MethodInvocationHelper.java:108)
                                at org.testng.internal.Invoker.invokeMethod(Invoker.java:661)
                                at org.testng.internal.Invoker.invokeTestMethod(Invoker.java:869)
                                at org.testng.internal.Invoker.invokeTestMethods(Invoker.java:1193)
                                at org.testng.internal.TestMethodWorker.invokeTestMethods(TestMethodWorker.java:126)
                                at org.testng.internal.TestMethodWorker.run(TestMethodWorker.java:109)
                                at org.testng.TestRunner.privateRun(TestRunner.java:744)
                                at org.testng.TestRunner.run(TestRunner.java:602)
                                at org.testng.SuiteRunner.runTest(SuiteRunner.java:380)
                                at org.testng.SuiteRunner.runSequentially(SuiteRunner.java:375)
                                at org.testng.SuiteRunner.privateRun(SuiteRunner.java:340)
                                at org.testng.SuiteRunner.run(SuiteRunner.java:289)
                                at org.testng.SuiteRunnerWorker.runSuite(SuiteRunnerWorker.java:52)
                                at org.testng.SuiteRunnerWorker.run(SuiteRunnerWorker.java:86)
                                at org.testng.TestNG.runSuitesSequentially(TestNG.java:1301)
                                at org.testng.TestNG.runSuitesLocally(TestNG.java:1226)
                                at org.testng.TestNG.runSuites(TestNG.java:1144)
                                at org.testng.TestNG.run(TestNG.java:1115)
                                at org.testng.remote.AbstractRemoteTestNG.run(AbstractRemoteTestNG.java:132)
                                at org.testng.remote.RemoteTestNG.initAndRun(RemoteTestNG.java:236)
                                at org.testng.remote.RemoteTestNG.main(RemoteTestNG.java:81)

                            </div> <!-- stack-trace -->
                        </div> <!-- method-content -->
                    </div> <!-- method -->
                    <div class="method">
                        <div class="method-content">
                            <a name="verifyOpenAppointment_Participation">
                            </a> <!-- verifyOpenAppointment_Participation -->
                            <span class="method-name">verifyOpenAppointment_Participation</span>
                            <div class="stack-trace">org.openqa.selenium.NoSuchElementException: no such element: Unable to locate element: {&quot;method&quot;:&quot;xpath&quot;,&quot;selector&quot;:&quot;//li[@id=&apos;sitemap-entity-NewSubArea_86091eba&apos;]&quot;}
                                (Session info: chrome=97.0.4692.71)
                                For documentation on this error, please visit: http://seleniumhq.org/exceptions/no_such_element.html
                                Build info: version: &apos;3.14.0&apos;, revision: &apos;aacccce0&apos;, time: &apos;2018-08-02T20:19:58.91Z&apos;
                                System info: host: &apos;LP-5CD8120X1W&apos;, ip: &apos;192.168.1.2&apos;, os.name: &apos;Windows 10&apos;, os.arch: &apos;amd64&apos;, os.version: &apos;10.0&apos;, java.version: &apos;1.8.0_311&apos;
                                Driver info: org.openqa.selenium.chrome.ChromeDriver
                                Capabilities {acceptInsecureCerts: false, browserName: chrome, browserVersion: 97.0.4692.71, chrome: {chromedriverVersion: 97.0.4692.71 (adefa7837d02a..., userDataDir: C:\Users\CHAMAR~1.ANU\AppDa...}, goog:chromeOptions: {debuggerAddress: localhost:59862}, javascriptEnabled: true, networkConnectionEnabled: false, pageLoadStrategy: normal, platform: WINDOWS, platformName: WINDOWS, proxy: Proxy(), setWindowRect: true, strictFileInteractability: false, timeouts: {implicit: 0, pageLoad: 300000, script: 30000}, unhandledPromptBehavior: dismiss and notify, webauthn:extension:credBlob: true, webauthn:extension:largeBlob: true, webauthn:virtualAuthenticators: true}
                                Session ID: 23564de898d55a93234bd3daaf301fa7
                                *** Element info: {Using=xpath, value=//li[@id=&apos;sitemap-entity-NewSubArea_86091eba&apos;]}
                                at sun.reflect.NativeConstructorAccessorImpl.newInstance0(Native Method)
                                at sun.reflect.NativeConstructorAccessorImpl.newInstance(Unknown Source)
                                at sun.reflect.DelegatingConstructorAccessorImpl.newInstance(Unknown Source)
                                at java.lang.reflect.Constructor.newInstance(Unknown Source)
                                at org.openqa.selenium.remote.http.W3CHttpResponseCodec.createException(W3CHttpResponseCodec.java:187)
                                at org.openqa.selenium.remote.http.W3CHttpResponseCodec.decode(W3CHttpResponseCodec.java:122)
                                at org.openqa.selenium.remote.http.W3CHttpResponseCodec.decode(W3CHttpResponseCodec.java:49)
                                at org.openqa.selenium.remote.HttpCommandExecutor.execute(HttpCommandExecutor.java:158)
                                at org.openqa.selenium.remote.service.DriverCommandExecutor.execute(DriverCommandExecutor.java:83)
                                at org.openqa.selenium.remote.RemoteWebDriver.execute(RemoteWebDriver.java:548)
                                at org.openqa.selenium.remote.RemoteWebDriver.findElement(RemoteWebDriver.java:322)
                                at org.openqa.selenium.remote.RemoteWebDriver.findElementByXPath(RemoteWebDriver.java:424)
                                at org.openqa.selenium.By$ByXPath.findElement(By.java:353)
                                at org.openqa.selenium.remote.RemoteWebDriver.findElement(RemoteWebDriver.java:314)
                                at org.openqa.selenium.support.pagefactory.DefaultElementLocator.findElement(DefaultElementLocator.java:69)
                                at org.openqa.selenium.support.pagefactory.internal.LocatingElementHandler.invoke(LocatingElementHandler.java:38)
                                at com.sun.proxy.$Proxy7.click(Unknown Source)
                                at com.CA.pages.LoginCRM.OpenAppointment_Participation(LoginCRM.java:102)
                                at com.CA.testcases.LoginCRMTest.verifyOpenAppointment_Participation(LoginCRMTest.java:33)
                                at sun.reflect.NativeMethodAccessorImpl.invoke0(Native Method)
                                at sun.reflect.NativeMethodAccessorImpl.invoke(Unknown Source)
                                at sun.reflect.DelegatingMethodAccessorImpl.invoke(Unknown Source)
                                at java.lang.reflect.Method.invoke(Unknown Source)
                                at org.testng.internal.MethodInvocationHelper.invokeMethod(MethodInvocationHelper.java:108)
                                at org.testng.internal.Invoker.invokeMethod(Invoker.java:661)
                                at org.testng.internal.Invoker.invokeTestMethod(Invoker.java:869)
                                at org.testng.internal.Invoker.invokeTestMethods(Invoker.java:1193)
                                at org.testng.internal.TestMethodWorker.invokeTestMethods(TestMethodWorker.java:126)
                                at org.testng.internal.TestMethodWorker.run(TestMethodWorker.java:109)
                                at org.testng.TestRunner.privateRun(TestRunner.java:744)
                                at org.testng.TestRunner.run(TestRunner.java:602)
                                at org.testng.SuiteRunner.runTest(SuiteRunner.java:380)
                                at org.testng.SuiteRunner.runSequentially(SuiteRunner.java:375)
                                at org.testng.SuiteRunner.privateRun(SuiteRunner.java:340)
                                at org.testng.SuiteRunner.run(SuiteRunner.java:289)
                                at org.testng.SuiteRunnerWorker.runSuite(SuiteRunnerWorker.java:52)
                                at org.testng.SuiteRunnerWorker.run(SuiteRunnerWorker.java:86)
                                at org.testng.TestNG.runSuitesSequentially(TestNG.java:1301)
                                at org.testng.TestNG.runSuitesLocally(TestNG.java:1226)
                                at org.testng.TestNG.runSuites(TestNG.java:1144)
                                at org.testng.TestNG.run(TestNG.java:1115)
                                at org.testng.remote.AbstractRemoteTestNG.run(AbstractRemoteTestNG.java:132)
                                at org.testng.remote.RemoteTestNG.initAndRun(RemoteTestNG.java:236)
                                at org.testng.remote.RemoteTestNG.main(RemoteTestNG.java:81)

                            </div> <!-- stack-trace -->
                        </div> <!-- method-content -->
                    </div> <!-- method -->
                </div> <!-- main-panel-content rounded-window-bottom -->
            </div> <!-- suite-Default_suite-class-failed -->
            <div class="suite-Default_suite-class-passed">
                <div class="main-panel-header rounded-window-top">
                    <img src="passed.png"/>
                    <span class="class-name">com.CA.testcases.LoginCRMTest</span>
                </div> <!-- main-panel-header rounded-window-top -->
                <div class="main-panel-content rounded-window-bottom">
                    <div class="method">
                        <div class="method-content">
                            <a name="verifyLoginCRMTest">
                            </a> <!-- verifyLoginCRMTest -->
                            <span class="method-name">verifyLoginCRMTest</span>
                        </div> <!-- method-content -->
                    </div> <!-- method -->
                </div> <!-- main-panel-content rounded-window-bottom -->
            </div> <!-- suite-Default_suite-class-passed -->
        </div> <!-- panel Default_suite -->
        <div panel-name="test-xml-Default_suite" class="panel">
            <div class="main-panel-header rounded-window-top">
                <span class="header-content">C:\Users\chamarthi.anusha\AppData\Local\Temp\testng-eclipse-320793632\testng-customsuite.xml</span>
            </div> <!-- main-panel-header rounded-window-top -->
            <div class="main-panel-content rounded-window-bottom">
            <pre>
&lt;?xml version=&quot;1.0&quot; encoding=&quot;UTF-8&quot;?&gt;
&lt;!DOCTYPE suite SYSTEM &quot;http://testng.org/testng-1.0.dtd&quot;&gt;
&lt;suite guice-stage=&quot;DEVELOPMENT&quot; name=&quot;Default suite&quot;&gt;
  &lt;test verbose=&quot;2&quot; name=&quot;Default test&quot;&gt;
    &lt;classes&gt;
      &lt;class name=&quot;com.CA.testcases.LoginCRMTest&quot;/&gt;
    &lt;/classes&gt;
  &lt;/test&gt; &lt;!-- Default test --&gt;
&lt;/suite&gt; &lt;!-- Default suite --&gt;
            </pre>
            </div> <!-- main-panel-content rounded-window-bottom -->
        </div> <!-- panel -->
        <div panel-name="testlist-Default_suite" class="panel">
            <div class="main-panel-header rounded-window-top">
                <span class="header-content">Tests for Default suite</span>
            </div> <!-- main-panel-header rounded-window-top -->
            <div class="main-panel-content rounded-window-bottom">
                <ul>
                    <li>
                        <span class="test-name">Default test (1 class)</span>
                    </li>
                </ul>
            </div> <!-- main-panel-content rounded-window-bottom -->
        </div> <!-- panel -->
        <div panel-name="group-Default_suite" class="panel">
            <div class="main-panel-header rounded-window-top">
                <span class="header-content">Groups for Default suite</span>
            </div> <!-- main-panel-header rounded-window-top -->
            <div class="main-panel-content rounded-window-bottom">
            </div> <!-- main-panel-content rounded-window-bottom -->
        </div> <!-- panel -->
        <div panel-name="times-Default_suite" class="panel">
            <div class="main-panel-header rounded-window-top">
                <span class="header-content">Times for Default suite</span>
            </div> <!-- main-panel-header rounded-window-top -->
            <div class="main-panel-content rounded-window-bottom">
                <div class="times-div">
                    <script type="text/javascript">
suiteTableInitFunctions.push('tableData_Default_suite');
function tableData_Default_suite() {
var data = new google.visualization.DataTable();
data.addColumn('number', 'Number');
data.addColumn('string', 'Method');
data.addColumn('string', 'Class');
data.addColumn('number', 'Time (ms)');
data.addRows(3);
data.setCell(0, 0, 0)
data.setCell(0, 1, 'verifyOpenAppointment_Participation')
data.setCell(0, 2, 'com.CA.testcases.LoginCRMTest')
data.setCell(0, 3, 50070);
data.setCell(1, 0, 1)
data.setCell(1, 1, 'verifyNewAppointment')
data.setCell(1, 2, 'com.CA.testcases.LoginCRMTest')
data.setCell(1, 3, 50056);
data.setCell(2, 0, 2)
data.setCell(2, 1, 'verifyLoginCRMTest')
data.setCell(2, 2, 'com.CA.testcases.LoginCRMTest')
data.setCell(2, 3, 34673);
window.suiteTableData['Default_suite']= { tableData: data, tableDiv: 'times-div-Default_suite'}
return data;
}
              </script>
                    <span class="suite-total-time">Total running time: 2 minutes</span>
                    <div id="times-div-Default_suite">
                    </div> <!-- times-div-Default_suite -->
                </div> <!-- times-div -->
            </div> <!-- main-panel-content rounded-window-bottom -->
        </div> <!-- panel -->
        <div panel-name="reporter-Default_suite" class="panel">
            <div class="main-panel-header rounded-window-top">
                <span class="header-content">Reporter output for Default suite</span>
            </div> <!-- main-panel-header rounded-window-top -->
            <div class="main-panel-content rounded-window-bottom">
            </div> <!-- main-panel-content rounded-window-bottom -->
        </div> <!-- panel -->
        <div panel-name="ignored-methods-Default_suite" class="panel">
            <div class="main-panel-header rounded-window-top">
                <span class="header-content">0 ignored methods</span>
            </div> <!-- main-panel-header rounded-window-top -->
            <div class="main-panel-content rounded-window-bottom">
            </div> <!-- main-panel-content rounded-window-bottom -->
        </div> <!-- panel -->
        <div panel-name="chronological-Default_suite" class="panel">
            <div class="main-panel-header rounded-window-top">
                <span class="header-content">Methods in chronological order</span>
            </div> <!-- main-panel-header rounded-window-top -->
            <div class="main-panel-content rounded-window-bottom">
                <div class="chronological-class">
                    <div class="chronological-class-name">com.CA.testcases.LoginCRMTest</div> <!-- chronological-class-name -->
                    <div class="test-method">
                        <span class="method-name">verifyLoginCRMTest</span>
                        <span class="method-start">0 ms</span>
                    </div> <!-- test-method -->
                    <div class="test-method">
                        <img src="failed.png">
                        </img>
                        <span class="method-name">verifyOpenAppointment_Participation</span>
                        <span class="method-start">34682 ms</span>
                    </div> <!-- test-method -->
                    <div class="test-method">
                        <img src="failed.png">
                        </img>
                        <span class="method-name">verifyNewAppointment</span>
                        <span class="method-start">84762 ms</span>
                    </div> <!-- test-method -->
                </div> <!-- main-panel-content rounded-window-bottom -->
            </div> <!-- panel -->
        </div>
        </div> <!-- main-panel-root -->
    </div> <!-- wrapper -->
</body>
</html>
